TAP version 13
# Subtest: shout uppercases text
not ok 1 - shout uppercases text
  ---
  duration_ms: 0.966509
  type: 'test'
  location: '/workspace/effusion-labs/test/filters.test.js:42:1'
  failureType: 'testCodeFailure'
  error: 'shout is not a function'
  code: 'ERR_TEST_FAILURE'
  name: 'TypeError'
  stack: |-
    TestContext.<anonymous> (/workspace/effusion-labs/test/filters.test.js:43:22)
    Test.runInAsyncScope (node:async_hooks:214:14)
    Test.run (node:internal/test_runner/test:1047:25)
    Test.start (node:internal/test_runner/test:944:17)
    startSubtestAfterBootstrap (node:internal/test_runner/harness:296:17)
  ...
# Subtest: shout is idempotent
not ok 2 - shout is idempotent
  ---
  duration_ms: 0.121966
  type: 'test'
  location: '/workspace/effusion-labs/test/filters.test.js:46:1'
  failureType: 'testCodeFailure'
  error: 'shout is not a function'
  code: 'ERR_TEST_FAILURE'
  name: 'TypeError'
  stack: |-
    TestContext.<anonymous> (/workspace/effusion-labs/test/filters.test.js:47:16)
    Test.runInAsyncScope (node:async_hooks:214:14)
    Test.run (node:internal/test_runner/test:1047:25)
    Test.processPendingSubtests (node:internal/test_runner/test:744:18)
    Test.postRun (node:internal/test_runner/test:1173:19)
    Test.run (node:internal/test_runner/test:1101:12)
    async startSubtestAfterBootstrap (node:internal/test_runner/harness:296:3)
  ...
1..2
# tests 2
# suites 0
# pass 0
# fail 2
# cancelled 0
# skipped 0
# todo 0
# duration_ms 678.86354
