npm warn Unknown env config "http-proxy". This will stop working in the next major version of npm.

> effusion_labs_final@1.0.0 test
> node tools/test-changed.mjs

No targeted tests found; running full suite
TAP version 13
# node:internal/modules/esm/resolve:274
#     throw new ERR_MODULE_NOT_FOUND(
#           ^
# Error [ERR_MODULE_NOT_FOUND]: Cannot find module '/workspace/effusion-labs/tools/shared/probe-browser.mjs' imported from /workspace/effusion-labs/test/browser-capability.test.mjs
#     at finalizeResolution (node:internal/modules/esm/resolve:274:11)
#     at moduleResolve (node:internal/modules/esm/resolve:859:10)
#     at defaultResolve (node:internal/modules/esm/resolve:983:11)
#     at ModuleLoader.defaultResolve (node:internal/modules/esm/loader:783:12)
#     at \#cachedDefaultResolve (node:internal/modules/esm/loader:707:25)
#     at ModuleLoader.resolve (node:internal/modules/esm/loader:690:38)
#     at ModuleLoader.getModuleJobForImport (node:internal/modules/esm/loader:307:38)
#     at ModuleJob._link (node:internal/modules/esm/module_job:183:49) {
#   code: 'ERR_MODULE_NOT_FOUND',
#   url: 'file:///workspace/effusion-labs/tools/shared/probe-browser.mjs'
# }
# Node.js v22.18.0
# Subtest: test/browser-capability.test.mjs
not ok 1 - test/browser-capability.test.mjs
  ---
  duration_ms: 117.747228
  type: 'test'
  location: '/workspace/effusion-labs/test/browser-capability.test.mjs:1:1'
  failureType: 'testCodeFailure'
  exitCode: 1
  signal: ~
  error: 'test failed'
  code: 'ERR_TEST_FAILURE'
  ...
# Subtest: fetchMarkdown returns markdown and solver payload
ok 2 - fetchMarkdown returns markdown and solver payload
  ---
  duration_ms: 17.766264
  type: 'test'
  ...
# Subtest: fetchMarkdown defaults to https
ok 3 - fetchMarkdown defaults to https
  ---
  duration_ms: 11.335484
  type: 'test'
  ...
# Subtest: rejects http URLs with credentials to non-localhost
ok 4 - rejects http URLs with credentials to non-localhost
  ---
  duration_ms: 0.732396
  type: 'test'
  ...
# npm warn Unknown env config "http-proxy". This will stop working in the next major version of npm.
# [11ty] Eleventy Fatal Error (CLI):
# [11ty] 1. Error in your Eleventy config file 'eleventy.config.mjs'. (via EleventyConfigError)
# [11ty] 2. There was a problem importing 'eleventy.config.mjs' via import(cjs) (via EleventyImportError)
# [11ty] 3. Cannot find module '@mozilla/readability'
# [11ty] Require stack:
# [11ty] - /workspace/effusion-labs/lib/webpageToMarkdown.js
# [11ty] - /workspace/effusion-labs/lib/utils.js
# [11ty] - /workspace/effusion-labs/lib/filters.js
# [11ty] - /workspace/effusion-labs/lib/eleventy/register.js
# [11ty] - /workspace/effusion-labs/eleventy.config.mjs
# [11ty] 
# [11ty] Original error stack trace: Error: Cannot find module '@mozilla/readability'
# [11ty] Require stack:
# [11ty] - /workspace/effusion-labs/lib/webpageToMarkdown.js
# [11ty] - /workspace/effusion-labs/lib/utils.js
# [11ty] - /workspace/effusion-labs/lib/filters.js
# [11ty] - /workspace/effusion-labs/lib/eleventy/register.js
# [11ty] - /workspace/effusion-labs/eleventy.config.mjs
# [11ty]     at Function._resolveFilename (node:internal/modules/cjs/loader:1365:15)
# [11ty]     at defaultResolveImpl (node:internal/modules/cjs/loader:1021:19)
# [11ty]     at resolveForCJSWithHooks (node:internal/modules/cjs/loader:1026:22)
# [11ty]     at Function._load (node:internal/modules/cjs/loader:1175:37)
# [11ty]     at TracingChannel.traceSync (node:diagnostics_channel:322:14)
# [11ty]     at wrapModuleLoad (node:internal/modules/cjs/loader:235:24)
# [11ty]     at Module.require (node:internal/modules/cjs/loader:1445:12)
# [11ty]     at require (node:internal/modules/helpers:135:16)
# [11ty]     at Object.<anonymous> (/workspace/effusion-labs/lib/webpageToMarkdown.js:2:25)
# [11ty]     at Module._compile (node:internal/modules/cjs/loader:1688:14)
# Subtest: archive nav exposes child counts
not ok 5 - archive nav exposes child counts
  ---
  duration_ms: 2415.317746
  type: 'test'
  location: '/workspace/effusion-labs/tests/archive-nav-count.spec.mjs:7:1'
  failureType: 'testCodeFailure'
  error: 'Command failed: npx @11ty/eleventy --input=src --output=tmp/archive-nav-count'
  code: 'ERR_TEST_FAILURE'
  stack: |-
    genericNodeError (node:internal/errors:983:15)
    wrappedFn (node:internal/errors:537:14)
    checkExecSyncError (node:child_process:915:11)
    execSync (node:child_process:987:15)
    runEleventy (/workspace/effusion-labs/tests/helpers/eleventy.js:22:5)
    TestContext.<anonymous> (file:///workspace/effusion-labs/tests/archive-nav-count.spec.mjs:8:18)
    Test.runInAsyncScope (node:async_hooks:214:14)
    Test.run (node:internal/test_runner/test:1047:25)
    Test.start (node:internal/test_runner/test:944:17)
    startSubtestAfterBootstrap (node:internal/test_runner/harness:296:17)
  ...
# npm warn Unknown env config "http-proxy". This will stop working in the next major version of npm.
# [11ty] Eleventy Fatal Error (CLI):
# [11ty] 1. Error in your Eleventy config file 'eleventy.config.mjs'. (via EleventyConfigError)
# [11ty] 2. There was a problem importing 'eleventy.config.mjs' via import(cjs) (via EleventyImportError)
# [11ty] 3. Cannot find module '@mozilla/readability'
# [11ty] Require stack:
# [11ty] - /workspace/effusion-labs/lib/webpageToMarkdown.js
# [11ty] - /workspace/effusion-labs/lib/utils.js
# [11ty] - /workspace/effusion-labs/lib/filters.js
# [11ty] - /workspace/effusion-labs/lib/eleventy/register.js
# [11ty] - /workspace/effusion-labs/eleventy.config.mjs
# [11ty] 
# [11ty] Original error stack trace: Error: Cannot find module '@mozilla/readability'
# [11ty] Require stack:
# [11ty] - /workspace/effusion-labs/lib/webpageToMarkdown.js
# [11ty] - /workspace/effusion-labs/lib/utils.js
# [11ty] - /workspace/effusion-labs/lib/filters.js
# [11ty] - /workspace/effusion-labs/lib/eleventy/register.js
# [11ty] - /workspace/effusion-labs/eleventy.config.mjs
# [11ty]     at Function._resolveFilename (node:internal/modules/cjs/loader:1365:15)
# [11ty]     at defaultResolveImpl (node:internal/modules/cjs/loader:1021:19)
# [11ty]     at resolveForCJSWithHooks (node:internal/modules/cjs/loader:1026:22)
# [11ty]     at Function._load (node:internal/modules/cjs/loader:1175:37)
# [11ty]     at TracingChannel.traceSync (node:diagnostics_channel:322:14)
# [11ty]     at wrapModuleLoad (node:internal/modules/cjs/loader:235:24)
# [11ty]     at Module.require (node:internal/modules/cjs/loader:1445:12)
# [11ty]     at require (node:internal/modules/helpers:135:16)
# [11ty]     at Object.<anonymous> (/workspace/effusion-labs/lib/webpageToMarkdown.js:2:25)
# [11ty]     at Module._compile (node:internal/modules/cjs/loader:1688:14)
# Subtest: layout exposes build timestamp
not ok 6 - layout exposes build timestamp
  ---
  duration_ms: 2416.114157
  type: 'test'
  location: '/workspace/effusion-labs/tests/build-timestamp.spec.mjs:8:1'
  failureType: 'testCodeFailure'
  error: 'Command failed: npx @11ty/eleventy --input=src --output=tmp/build-timestamp'
  code: 'ERR_TEST_FAILURE'
  stack: |-
    genericNodeError (node:internal/errors:983:15)
    wrappedFn (node:internal/errors:537:14)
    checkExecSyncError (node:child_process:915:11)
    execSync (node:child_process:987:15)
    runEleventy (/workspace/effusion-labs/tests/helpers/eleventy.js:22:5)
    TestContext.<anonymous> (file:///workspace/effusion-labs/tests/build-timestamp.spec.mjs:9:18)
    Test.runInAsyncScope (node:async_hooks:214:14)
    Test.run (node:internal/test_runner/test:1047:25)
    Test.start (node:internal/test_runner/test:944:17)
    startSubtestAfterBootstrap (node:internal/test_runner/harness:296:17)
  ...
# npm warn Unknown env config "http-proxy". This will stop working in the next major version of npm.
# [11ty] Eleventy Fatal Error (CLI):
# [11ty] 1. Error in your Eleventy config file 'eleventy.config.mjs'. (via EleventyConfigError)
# [11ty] 2. There was a problem importing 'eleventy.config.mjs' via import(cjs) (via EleventyImportError)
# [11ty] 3. Cannot find module '@mozilla/readability'
# [11ty] Require stack:
# [11ty] - /workspace/effusion-labs/lib/webpageToMarkdown.js
# [11ty] - /workspace/effusion-labs/lib/utils.js
# [11ty] - /workspace/effusion-labs/lib/filters.js
# [11ty] - /workspace/effusion-labs/lib/eleventy/register.js
# [11ty] - /workspace/effusion-labs/eleventy.config.mjs
# [11ty] 
# [11ty] Original error stack trace: Error: Cannot find module '@mozilla/readability'
# [11ty] Require stack:
# [11ty] - /workspace/effusion-labs/lib/webpageToMarkdown.js
# [11ty] - /workspace/effusion-labs/lib/utils.js
# [11ty] - /workspace/effusion-labs/lib/filters.js
# [11ty] - /workspace/effusion-labs/lib/eleventy/register.js
# [11ty] - /workspace/effusion-labs/eleventy.config.mjs
# [11ty]     at Function._resolveFilename (node:internal/modules/cjs/loader:1365:15)
# [11ty]     at defaultResolveImpl (node:internal/modules/cjs/loader:1021:19)
# [11ty]     at resolveForCJSWithHooks (node:internal/modules/cjs/loader:1026:22)
# [11ty]     at Function._load (node:internal/modules/cjs/loader:1175:37)
# [11ty]     at TracingChannel.traceSync (node:diagnostics_channel:322:14)
# [11ty]     at wrapModuleLoad (node:internal/modules/cjs/loader:235:24)
# [11ty]     at Module.require (node:internal/modules/cjs/loader:1445:12)
# [11ty]     at require (node:internal/modules/helpers:135:16)
# [11ty]     at Object.<anonymous> (/workspace/effusion-labs/lib/webpageToMarkdown.js:2:25)
# [11ty]     at Module._compile (node:internal/modules/cjs/loader:1688:14)
# Subtest: code blocks expose copy control
not ok 7 - code blocks expose copy control
  ---
  duration_ms: 2421.742362
  type: 'test'
  location: '/workspace/effusion-labs/tests/code-copy.spec.mjs:8:1'
  failureType: 'testCodeFailure'
  error: 'Command failed: npx @11ty/eleventy --input=src --output=tmp/code-copy'
  code: 'ERR_TEST_FAILURE'
  stack: |-
    genericNodeError (node:internal/errors:983:15)
    wrappedFn (node:internal/errors:537:14)
    checkExecSyncError (node:child_process:915:11)
    execSync (node:child_process:987:15)
    runEleventy (/workspace/effusion-labs/tests/helpers/eleventy.js:22:5)
    TestContext.<anonymous> (file:///workspace/effusion-labs/tests/code-copy.spec.mjs:9:18)
    Test.runInAsyncScope (node:async_hooks:214:14)
    Test.run (node:internal/test_runner/test:1047:25)
    Test.start (node:internal/test_runner/test:944:17)
    startSubtestAfterBootstrap (node:internal/test_runner/harness:296:17)
  ...
# npm warn Unknown env config "http-proxy". This will stop working in the next major version of npm.
# [11ty] Eleventy Fatal Error (CLI):
# [11ty] 1. Error in your Eleventy config file 'eleventy.config.mjs'. (via EleventyConfigError)
# [11ty] 2. There was a problem importing 'eleventy.config.mjs' via import(cjs) (via EleventyImportError)
# [11ty] 3. Cannot find module '@mozilla/readability'
# [11ty] Require stack:
# [11ty] - /workspace/effusion-labs/lib/webpageToMarkdown.js
# [11ty] - /workspace/effusion-labs/lib/utils.js
# [11ty] - /workspace/effusion-labs/lib/filters.js
# [11ty] - /workspace/effusion-labs/lib/eleventy/register.js
# [11ty] - /workspace/effusion-labs/eleventy.config.mjs
# [11ty] 
# [11ty] Original error stack trace: Error: Cannot find module '@mozilla/readability'
# [11ty] Require stack:
# [11ty] - /workspace/effusion-labs/lib/webpageToMarkdown.js
# [11ty] - /workspace/effusion-labs/lib/utils.js
# [11ty] - /workspace/effusion-labs/lib/filters.js
# [11ty] - /workspace/effusion-labs/lib/eleventy/register.js
# [11ty] - /workspace/effusion-labs/eleventy.config.mjs
# [11ty]     at Function._resolveFilename (node:internal/modules/cjs/loader:1365:15)
# [11ty]     at defaultResolveImpl (node:internal/modules/cjs/loader:1021:19)
# [11ty]     at resolveForCJSWithHooks (node:internal/modules/cjs/loader:1026:22)
# [11ty]     at Function._load (node:internal/modules/cjs/loader:1175:37)
# [11ty]     at TracingChannel.traceSync (node:diagnostics_channel:322:14)
# [11ty]     at wrapModuleLoad (node:internal/modules/cjs/loader:235:24)
# [11ty]     at Module.require (node:internal/modules/cjs/loader:1445:12)
# [11ty]     at require (node:internal/modules/helpers:135:16)
# [11ty]     at Object.<anonymous> (/workspace/effusion-labs/lib/webpageToMarkdown.js:2:25)
# [11ty]     at Module._compile (node:internal/modules/cjs/loader:1688:14)
# Subtest: collection pages expose section metadata
not ok 8 - collection pages expose section metadata
  ---
  duration_ms: 2356.135454
  type: 'test'
  location: '/workspace/effusion-labs/tests/collection-layout.spec.mjs:9:1'
  failureType: 'testCodeFailure'
  error: 'Command failed: npx @11ty/eleventy --input=src --output=tmp/collection-layout'
  code: 'ERR_TEST_FAILURE'
  stack: |-
    genericNodeError (node:internal/errors:983:15)
    wrappedFn (node:internal/errors:537:14)
    checkExecSyncError (node:child_process:915:11)
    execSync (node:child_process:987:15)
    runEleventy (/workspace/effusion-labs/tests/helpers/eleventy.js:22:5)
    TestContext.<anonymous> (file:///workspace/effusion-labs/tests/collection-layout.spec.mjs:10:18)
    Test.runInAsyncScope (node:async_hooks:214:14)
    Test.run (node:internal/test_runner/test:1047:25)
    Test.start (node:internal/test_runner/test:944:17)
    startSubtestAfterBootstrap (node:internal/test_runner/harness:296:17)
  ...
# Subtest: concept map JSON-LD export generates @context and @graph
ok 9 - concept map JSON-LD export generates @context and @graph
  ---
  duration_ms: 2.439875
  type: 'test'
  ...
# npm warn Unknown env config "http-proxy". This will stop working in the next major version of npm.
# [11ty] Eleventy Fatal Error (CLI):
# [11ty] 1. Error in your Eleventy config file 'eleventy.config.mjs'. (via EleventyConfigError)
# [11ty] 2. There was a problem importing 'eleventy.config.mjs' via import(cjs) (via EleventyImportError)
# [11ty] 3. Cannot find module '@mozilla/readability'
# [11ty] Require stack:
# [11ty] - /workspace/effusion-labs/lib/webpageToMarkdown.js
# [11ty] - /workspace/effusion-labs/lib/utils.js
# [11ty] - /workspace/effusion-labs/lib/filters.js
# [11ty] - /workspace/effusion-labs/lib/eleventy/register.js
# [11ty] - /workspace/effusion-labs/eleventy.config.mjs
# [11ty] 
# [11ty] Original error stack trace: Error: Cannot find module '@mozilla/readability'
# [11ty] Require stack:
# [11ty] - /workspace/effusion-labs/lib/webpageToMarkdown.js
# [11ty] - /workspace/effusion-labs/lib/utils.js
# [11ty] - /workspace/effusion-labs/lib/filters.js
# [11ty] - /workspace/effusion-labs/lib/eleventy/register.js
# [11ty] - /workspace/effusion-labs/eleventy.config.mjs
# [11ty]     at Function._resolveFilename (node:internal/modules/cjs/loader:1365:15)
# [11ty]     at defaultResolveImpl (node:internal/modules/cjs/loader:1021:19)
# [11ty]     at resolveForCJSWithHooks (node:internal/modules/cjs/loader:1026:22)
# [11ty]     at Function._load (node:internal/modules/cjs/loader:1175:37)
# [11ty]     at TracingChannel.traceSync (node:diagnostics_channel:322:14)
# [11ty]     at wrapModuleLoad (node:internal/modules/cjs/loader:235:24)
# [11ty]     at Module.require (node:internal/modules/cjs/loader:1445:12)
# [11ty]     at require (node:internal/modules/helpers:135:16)
# [11ty]     at Object.<anonymous> (/workspace/effusion-labs/lib/webpageToMarkdown.js:2:25)
# [11ty]     at Module._compile (node:internal/modules/cjs/loader:1688:14)
# Subtest: feed exposes build metadata
not ok 10 - feed exposes build metadata
  ---
  duration_ms: 2394.835108
  type: 'test'
  location: '/workspace/effusion-labs/tests/feed-build-meta.spec.mjs:11:1'
  failureType: 'testCodeFailure'
  error: 'Command failed: npx @11ty/eleventy --input=src --output=tmp/feed-build-meta'
  code: 'ERR_TEST_FAILURE'
  stack: |-
    genericNodeError (node:internal/errors:983:15)
    wrappedFn (node:internal/errors:537:14)
    checkExecSyncError (node:child_process:915:11)
    execSync (node:child_process:987:15)
    runEleventy (/workspace/effusion-labs/tests/helpers/eleventy.js:22:5)
    TestContext.<anonymous> (file:///workspace/effusion-labs/tests/feed-build-meta.spec.mjs:12:18)
    Test.runInAsyncScope (node:async_hooks:214:14)
    Test.run (node:internal/test_runner/test:1047:25)
    Test.start (node:internal/test_runner/test:944:17)
    startSubtestAfterBootstrap (node:internal/test_runner/harness:296:17)
  ...
# npm warn Unknown env config "http-proxy". This will stop working in the next major version of npm.
# [11ty] Eleventy Fatal Error (CLI):
# [11ty] 1. Error in your Eleventy config file 'eleventy.config.mjs'. (via EleventyConfigError)
# [11ty] 2. There was a problem importing 'eleventy.config.mjs' via import(cjs) (via EleventyImportError)
# [11ty] 3. Cannot find module '@mozilla/readability'
# [11ty] Require stack:
# [11ty] - /workspace/effusion-labs/lib/webpageToMarkdown.js
# [11ty] - /workspace/effusion-labs/lib/utils.js
# [11ty] - /workspace/effusion-labs/lib/filters.js
# [11ty] - /workspace/effusion-labs/lib/eleventy/register.js
# [11ty] - /workspace/effusion-labs/eleventy.config.mjs
# [11ty] 
# [11ty] Original error stack trace: Error: Cannot find module '@mozilla/readability'
# [11ty] Require stack:
# [11ty] - /workspace/effusion-labs/lib/webpageToMarkdown.js
# [11ty] - /workspace/effusion-labs/lib/utils.js
# [11ty] - /workspace/effusion-labs/lib/filters.js
# [11ty] - /workspace/effusion-labs/lib/eleventy/register.js
# [11ty] - /workspace/effusion-labs/eleventy.config.mjs
# [11ty]     at Function._resolveFilename (node:internal/modules/cjs/loader:1365:15)
# [11ty]     at defaultResolveImpl (node:internal/modules/cjs/loader:1021:19)
# [11ty]     at resolveForCJSWithHooks (node:internal/modules/cjs/loader:1026:22)
# [11ty]     at Function._load (node:internal/modules/cjs/loader:1175:37)
# [11ty]     at TracingChannel.traceSync (node:diagnostics_channel:322:14)
# [11ty]     at wrapModuleLoad (node:internal/modules/cjs/loader:235:24)
# [11ty]     at Module.require (node:internal/modules/cjs/loader:1445:12)
# [11ty]     at require (node:internal/modules/helpers:135:16)
# [11ty]     at Object.<anonymous> (/workspace/effusion-labs/lib/webpageToMarkdown.js:2:25)
# [11ty]     at Module._compile (node:internal/modules/cjs/loader:1688:14)
# Subtest: home page header includes primary nav landmark
not ok 11 - home page header includes primary nav landmark
  ---
  duration_ms: 2459.190093
  type: 'test'
  location: '/workspace/effusion-labs/tests/header-nav-aria.spec.mjs:10:1'
  failureType: 'testCodeFailure'
  error: 'Command failed: npx @11ty/eleventy --input=src --output=tmp/header-nav-aria'
  code: 'ERR_TEST_FAILURE'
  stack: |-
    genericNodeError (node:internal/errors:983:15)
    wrappedFn (node:internal/errors:537:14)
    checkExecSyncError (node:child_process:915:11)
    execSync (node:child_process:987:15)
    runEleventy (/workspace/effusion-labs/tests/helpers/eleventy.js:22:5)
    TestContext.<anonymous> (file:///workspace/effusion-labs/tests/header-nav-aria.spec.mjs:11:18)
    Test.runInAsyncScope (node:async_hooks:214:14)
    Test.run (node:internal/test_runner/test:1047:25)
    Test.start (node:internal/test_runner/test:944:17)
    startSubtestAfterBootstrap (node:internal/test_runner/harness:296:17)
  ...
# npm warn Unknown env config "http-proxy". This will stop working in the next major version of npm.
# [11ty] Eleventy Fatal Error (CLI):
# [11ty] 1. Error in your Eleventy config file 'eleventy.config.mjs'. (via EleventyConfigError)
# [11ty] 2. There was a problem importing 'eleventy.config.mjs' via import(cjs) (via EleventyImportError)
# [11ty] 3. Cannot find module '@mozilla/readability'
# [11ty] Require stack:
# [11ty] - /workspace/effusion-labs/lib/webpageToMarkdown.js
# [11ty] - /workspace/effusion-labs/lib/utils.js
# [11ty] - /workspace/effusion-labs/lib/filters.js
# [11ty] - /workspace/effusion-labs/lib/eleventy/register.js
# [11ty] - /workspace/effusion-labs/eleventy.config.mjs
# [11ty] 
# [11ty] Original error stack trace: Error: Cannot find module '@mozilla/readability'
# [11ty] Require stack:
# [11ty] - /workspace/effusion-labs/lib/webpageToMarkdown.js
# [11ty] - /workspace/effusion-labs/lib/utils.js
# [11ty] - /workspace/effusion-labs/lib/filters.js
# [11ty] - /workspace/effusion-labs/lib/eleventy/register.js
# [11ty] - /workspace/effusion-labs/eleventy.config.mjs
# [11ty]     at Function._resolveFilename (node:internal/modules/cjs/loader:1365:15)
# [11ty]     at defaultResolveImpl (node:internal/modules/cjs/loader:1021:19)
# [11ty]     at resolveForCJSWithHooks (node:internal/modules/cjs/loader:1026:22)
# [11ty]     at Function._load (node:internal/modules/cjs/loader:1175:37)
# [11ty]     at TracingChannel.traceSync (node:diagnostics_channel:322:14)
# [11ty]     at wrapModuleLoad (node:internal/modules/cjs/loader:235:24)
# [11ty]     at Module.require (node:internal/modules/cjs/loader:1445:12)
# [11ty]     at require (node:internal/modules/helpers:135:16)
# [11ty]     at Object.<anonymous> (/workspace/effusion-labs/lib/webpageToMarkdown.js:2:25)
# [11ty]     at Module._compile (node:internal/modules/cjs/loader:1688:14)
# Subtest: homepage hero and sections
not ok 12 - homepage hero and sections
  ---
  duration_ms: 2358.25158
  type: 'test'
  location: '/workspace/effusion-labs/tests/homepage.spec.mjs:18:1'
  failureType: 'testCodeFailure'
  error: 'Command failed: npx @11ty/eleventy --input=src --output=tmp/homepage'
  code: 'ERR_TEST_FAILURE'
  stack: |-
    genericNodeError (node:internal/errors:983:15)
    wrappedFn (node:internal/errors:537:14)
    checkExecSyncError (node:child_process:915:11)
    execSync (node:child_process:987:15)
    runEleventy (/workspace/effusion-labs/tests/helpers/eleventy.js:22:5)
    TestContext.<anonymous> (file:///workspace/effusion-labs/tests/homepage.spec.mjs:19:18)
    Test.runInAsyncScope (node:async_hooks:214:14)
    Test.run (node:internal/test_runner/test:1047:25)
    Test.start (node:internal/test_runner/test:944:17)
    startSubtestAfterBootstrap (node:internal/test_runner/harness:296:17)
  ...
# npm warn Unknown env config "http-proxy". This will stop working in the next major version of npm.
# [11ty] Eleventy Fatal Error (CLI):
# [11ty] 1. Error in your Eleventy config file 'eleventy.config.mjs'. (via EleventyConfigError)
# [11ty] 2. There was a problem importing 'eleventy.config.mjs' via import(cjs) (via EleventyImportError)
# [11ty] 3. Cannot find module '@mozilla/readability'
# [11ty] Require stack:
# [11ty] - /workspace/effusion-labs/lib/webpageToMarkdown.js
# [11ty] - /workspace/effusion-labs/lib/utils.js
# [11ty] - /workspace/effusion-labs/lib/filters.js
# [11ty] - /workspace/effusion-labs/lib/eleventy/register.js
# [11ty] - /workspace/effusion-labs/eleventy.config.mjs
# [11ty] 
# [11ty] Original error stack trace: Error: Cannot find module '@mozilla/readability'
# [11ty] Require stack:
# [11ty] - /workspace/effusion-labs/lib/webpageToMarkdown.js
# [11ty] - /workspace/effusion-labs/lib/utils.js
# [11ty] - /workspace/effusion-labs/lib/filters.js
# [11ty] - /workspace/effusion-labs/lib/eleventy/register.js
# [11ty] - /workspace/effusion-labs/eleventy.config.mjs
# [11ty]     at Function._resolveFilename (node:internal/modules/cjs/loader:1365:15)
# [11ty]     at defaultResolveImpl (node:internal/modules/cjs/loader:1021:19)
# [11ty]     at resolveForCJSWithHooks (node:internal/modules/cjs/loader:1026:22)
# [11ty]     at Function._load (node:internal/modules/cjs/loader:1175:37)
# [11ty]     at TracingChannel.traceSync (node:diagnostics_channel:322:14)
# [11ty]     at wrapModuleLoad (node:internal/modules/cjs/loader:235:24)
# [11ty]     at Module.require (node:internal/modules/cjs/loader:1445:12)
# [11ty]     at require (node:internal/modules/helpers:135:16)
# [11ty]     at Object.<anonymous> (/workspace/effusion-labs/lib/webpageToMarkdown.js:2:25)
# [11ty]     at Module._compile (node:internal/modules/cjs/loader:1688:14)
# Subtest: markdown headings include anchor ids
not ok 13 - markdown headings include anchor ids
  ---
  duration_ms: 2378.365319
  type: 'test'
  location: '/workspace/effusion-labs/tests/markdown-anchor.spec.mjs:8:1'
  failureType: 'testCodeFailure'
  error: 'Command failed: npx @11ty/eleventy --input=src --output=tmp/markdown-anchor'
  code: 'ERR_TEST_FAILURE'
  stack: |-
    genericNodeError (node:internal/errors:983:15)
    wrappedFn (node:internal/errors:537:14)
    checkExecSyncError (node:child_process:915:11)
    execSync (node:child_process:987:15)
    runEleventy (/workspace/effusion-labs/tests/helpers/eleventy.js:22:5)
    TestContext.<anonymous> (file:///workspace/effusion-labs/tests/markdown-anchor.spec.mjs:9:18)
    Test.runInAsyncScope (node:async_hooks:214:14)
    Test.run (node:internal/test_runner/test:1047:25)
    Test.start (node:internal/test_runner/test:944:17)
    startSubtestAfterBootstrap (node:internal/test_runner/harness:296:17)
  ...
# npm warn Unknown env config "http-proxy". This will stop working in the next major version of npm.
# [11ty] Eleventy Fatal Error (CLI):
# [11ty] 1. Error in your Eleventy config file 'eleventy.config.mjs'. (via EleventyConfigError)
# [11ty] 2. There was a problem importing 'eleventy.config.mjs' via import(cjs) (via EleventyImportError)
# [11ty] 3. Cannot find module '@mozilla/readability'
# [11ty] Require stack:
# [11ty] - /workspace/effusion-labs/lib/webpageToMarkdown.js
# [11ty] - /workspace/effusion-labs/lib/utils.js
# [11ty] - /workspace/effusion-labs/lib/filters.js
# [11ty] - /workspace/effusion-labs/lib/eleventy/register.js
# [11ty] - /workspace/effusion-labs/eleventy.config.mjs
# [11ty] 
# [11ty] Original error stack trace: Error: Cannot find module '@mozilla/readability'
# [11ty] Require stack:
# [11ty] - /workspace/effusion-labs/lib/webpageToMarkdown.js
# [11ty] - /workspace/effusion-labs/lib/utils.js
# [11ty] - /workspace/effusion-labs/lib/filters.js
# [11ty] - /workspace/effusion-labs/lib/eleventy/register.js
# [11ty] - /workspace/effusion-labs/eleventy.config.mjs
# [11ty]     at Function._resolveFilename (node:internal/modules/cjs/loader:1365:15)
# [11ty]     at defaultResolveImpl (node:internal/modules/cjs/loader:1021:19)
# [11ty]     at resolveForCJSWithHooks (node:internal/modules/cjs/loader:1026:22)
# [11ty]     at Function._load (node:internal/modules/cjs/loader:1175:37)
# [11ty]     at TracingChannel.traceSync (node:diagnostics_channel:322:14)
# [11ty]     at wrapModuleLoad (node:internal/modules/cjs/loader:235:24)
# [11ty]     at Module.require (node:internal/modules/cjs/loader:1445:12)
# [11ty]     at require (node:internal/modules/helpers:135:16)
# [11ty]     at Object.<anonymous> (/workspace/effusion-labs/lib/webpageToMarkdown.js:2:25)
# [11ty]     at Module._compile (node:internal/modules/cjs/loader:1688:14)
# Subtest: monsters hub lists products and cross-links product and character pages
not ok 14 - monsters hub lists products and cross-links product and character pages
  ---
  duration_ms: 2532.376244
  type: 'test'
  location: '/workspace/effusion-labs/tests/monsters-hub.spec.mjs:7:1'
  failureType: 'testCodeFailure'
  error: 'Command failed: npx @11ty/eleventy --input=src --output=tmp/monsters-hub'
  code: 'ERR_TEST_FAILURE'
  stack: |-
    genericNodeError (node:internal/errors:983:15)
    wrappedFn (node:internal/errors:537:14)
    checkExecSyncError (node:child_process:915:11)
    execSync (node:child_process:987:15)
    runEleventy (/workspace/effusion-labs/tests/helpers/eleventy.js:22:5)
    TestContext.<anonymous> (file:///workspace/effusion-labs/tests/monsters-hub.spec.mjs:8:18)
    Test.runInAsyncScope (node:async_hooks:214:14)
    Test.run (node:internal/test_runner/test:1047:25)
    Test.start (node:internal/test_runner/test:944:17)
    startSubtestAfterBootstrap (node:internal/test_runner/harness:296:17)
  ...
# npm warn Unknown env config "http-proxy". This will stop working in the next major version of npm.
# [11ty] Eleventy Fatal Error (CLI):
# [11ty] 1. Error in your Eleventy config file 'eleventy.config.mjs'. (via EleventyConfigError)
# [11ty] 2. There was a problem importing 'eleventy.config.mjs' via import(cjs) (via EleventyImportError)
# [11ty] 3. Cannot find module '@mozilla/readability'
# [11ty] Require stack:
# [11ty] - /workspace/effusion-labs/lib/webpageToMarkdown.js
# [11ty] - /workspace/effusion-labs/lib/utils.js
# [11ty] - /workspace/effusion-labs/lib/filters.js
# [11ty] - /workspace/effusion-labs/lib/eleventy/register.js
# [11ty] - /workspace/effusion-labs/eleventy.config.mjs
# [11ty] 
# [11ty] Original error stack trace: Error: Cannot find module '@mozilla/readability'
# [11ty] Require stack:
# [11ty] - /workspace/effusion-labs/lib/webpageToMarkdown.js
# [11ty] - /workspace/effusion-labs/lib/utils.js
# [11ty] - /workspace/effusion-labs/lib/filters.js
# [11ty] - /workspace/effusion-labs/lib/eleventy/register.js
# [11ty] - /workspace/effusion-labs/eleventy.config.mjs
# [11ty]     at Function._resolveFilename (node:internal/modules/cjs/loader:1365:15)
# [11ty]     at defaultResolveImpl (node:internal/modules/cjs/loader:1021:19)
# [11ty]     at resolveForCJSWithHooks (node:internal/modules/cjs/loader:1026:22)
# [11ty]     at Function._load (node:internal/modules/cjs/loader:1175:37)
# [11ty]     at TracingChannel.traceSync (node:diagnostics_channel:322:14)
# [11ty]     at wrapModuleLoad (node:internal/modules/cjs/loader:235:24)
# [11ty]     at Module.require (node:internal/modules/cjs/loader:1445:12)
# [11ty]     at require (node:internal/modules/helpers:135:16)
# [11ty]     at Object.<anonymous> (/workspace/effusion-labs/lib/webpageToMarkdown.js:2:25)
# [11ty]     at Module._compile (node:internal/modules/cjs/loader:1688:14)
# Subtest: main nav marks current page and is labelled
not ok 15 - main nav marks current page and is labelled
  ---
  duration_ms: 2659.849716
  type: 'test'
  location: '/workspace/effusion-labs/tests/nav-aria.spec.mjs:7:1'
  failureType: 'testCodeFailure'
  error: 'Command failed: npx @11ty/eleventy --input=src --output=tmp/nav-aria'
  code: 'ERR_TEST_FAILURE'
  stack: |-
    genericNodeError (node:internal/errors:983:15)
    wrappedFn (node:internal/errors:537:14)
    checkExecSyncError (node:child_process:915:11)
    execSync (node:child_process:987:15)
    runEleventy (/workspace/effusion-labs/tests/helpers/eleventy.js:22:5)
    TestContext.<anonymous> (file:///workspace/effusion-labs/tests/nav-aria.spec.mjs:8:18)
    Test.runInAsyncScope (node:async_hooks:214:14)
    Test.run (node:internal/test_runner/test:1047:25)
    Test.start (node:internal/test_runner/test:944:17)
    startSubtestAfterBootstrap (node:internal/test_runner/harness:296:17)
  ...
# Subtest: navigation items are sequentially ordered
ok 16 - navigation items are sequentially ordered
  ---
  duration_ms: 0.888779
  type: 'test'
  ...
# npm warn Unknown env config "http-proxy". This will stop working in the next major version of npm.
# [11ty] Eleventy Fatal Error (CLI):
# [11ty] 1. Error in your Eleventy config file 'eleventy.config.mjs'. (via EleventyConfigError)
# [11ty] 2. There was a problem importing 'eleventy.config.mjs' via import(cjs) (via EleventyImportError)
# [11ty] 3. Cannot find module '@mozilla/readability'
# [11ty] Require stack:
# [11ty] - /workspace/effusion-labs/lib/webpageToMarkdown.js
# [11ty] - /workspace/effusion-labs/lib/utils.js
# [11ty] - /workspace/effusion-labs/lib/filters.js
# [11ty] - /workspace/effusion-labs/lib/eleventy/register.js
# [11ty] - /workspace/effusion-labs/eleventy.config.mjs
# [11ty] 
# [11ty] Original error stack trace: Error: Cannot find module '@mozilla/readability'
# [11ty] Require stack:
# [11ty] - /workspace/effusion-labs/lib/webpageToMarkdown.js
# [11ty] - /workspace/effusion-labs/lib/utils.js
# [11ty] - /workspace/effusion-labs/lib/filters.js
# [11ty] - /workspace/effusion-labs/lib/eleventy/register.js
# [11ty] - /workspace/effusion-labs/eleventy.config.mjs
# [11ty]     at Function._resolveFilename (node:internal/modules/cjs/loader:1365:15)
# [11ty]     at defaultResolveImpl (node:internal/modules/cjs/loader:1021:19)
# [11ty]     at resolveForCJSWithHooks (node:internal/modules/cjs/loader:1026:22)
# [11ty]     at Function._load (node:internal/modules/cjs/loader:1175:37)
# [11ty]     at TracingChannel.traceSync (node:diagnostics_channel:322:14)
# [11ty]     at wrapModuleLoad (node:internal/modules/cjs/loader:235:24)
# [11ty]     at Module.require (node:internal/modules/cjs/loader:1445:12)
# [11ty]     at require (node:internal/modules/helpers:135:16)
# [11ty]     at Object.<anonymous> (/workspace/effusion-labs/lib/webpageToMarkdown.js:2:25)
# [11ty]     at Module._compile (node:internal/modules/cjs/loader:1688:14)
# Subtest: runEleventy sets env and output directory
not ok 17 - runEleventy sets env and output directory
  ---
  duration_ms: 2659.083548
  type: 'test'
  location: '/workspace/effusion-labs/tests/runner.spec.mjs:10:1'
  failureType: 'testCodeFailure'
  error: 'Command failed: npx @11ty/eleventy --input=src --output=tmp/runner-spec'
  code: 'ERR_TEST_FAILURE'
  stack: |-
    genericNodeError (node:internal/errors:983:15)
    wrappedFn (node:internal/errors:537:14)
    checkExecSyncError (node:child_process:915:11)
    execSync (node:child_process:987:15)
    runEleventy (/workspace/effusion-labs/tests/helpers/eleventy.js:22:5)
    TestContext.<anonymous> (file:///workspace/effusion-labs/tests/runner.spec.mjs:11:18)
    Test.runInAsyncScope (node:async_hooks:214:14)
    Test.run (node:internal/test_runner/test:1047:25)
    Test.start (node:internal/test_runner/test:944:17)
    startSubtestAfterBootstrap (node:internal/test_runner/harness:296:17)
  ...
# npm warn Unknown env config "http-proxy". This will stop working in the next major version of npm.
# [11ty] Eleventy Fatal Error (CLI):
# [11ty] 1. Error in your Eleventy config file 'eleventy.config.mjs'. (via EleventyConfigError)
# [11ty] 2. There was a problem importing 'eleventy.config.mjs' via import(cjs) (via EleventyImportError)
# [11ty] 3. Cannot find module '@mozilla/readability'
# [11ty] Require stack:
# [11ty] - /workspace/effusion-labs/lib/webpageToMarkdown.js
# [11ty] - /workspace/effusion-labs/lib/utils.js
# [11ty] - /workspace/effusion-labs/lib/filters.js
# [11ty] - /workspace/effusion-labs/lib/eleventy/register.js
# [11ty] - /workspace/effusion-labs/eleventy.config.mjs
# [11ty] 
# [11ty] Original error stack trace: Error: Cannot find module '@mozilla/readability'
# [11ty] Require stack:
# [11ty] - /workspace/effusion-labs/lib/webpageToMarkdown.js
# [11ty] - /workspace/effusion-labs/lib/utils.js
# [11ty] - /workspace/effusion-labs/lib/filters.js
# [11ty] - /workspace/effusion-labs/lib/eleventy/register.js
# [11ty] - /workspace/effusion-labs/eleventy.config.mjs
# [11ty]     at Function._resolveFilename (node:internal/modules/cjs/loader:1365:15)
# [11ty]     at defaultResolveImpl (node:internal/modules/cjs/loader:1021:19)
# [11ty]     at resolveForCJSWithHooks (node:internal/modules/cjs/loader:1026:22)
# [11ty]     at Function._load (node:internal/modules/cjs/loader:1175:37)
# [11ty]     at TracingChannel.traceSync (node:diagnostics_channel:322:14)
# [11ty]     at wrapModuleLoad (node:internal/modules/cjs/loader:235:24)
# [11ty]     at Module.require (node:internal/modules/cjs/loader:1445:12)
# [11ty]     at require (node:internal/modules/helpers:135:16)
# [11ty]     at Object.<anonymous> (/workspace/effusion-labs/lib/webpageToMarkdown.js:2:25)
# [11ty]     at Module._compile (node:internal/modules/cjs/loader:1688:14)
# Subtest: spark listings reveal status text
not ok 18 - spark listings reveal status text
  ---
  duration_ms: 2501.971105
  type: 'test'
  location: '/workspace/effusion-labs/tests/sparks-status.spec.mjs:7:1'
  failureType: 'testCodeFailure'
  error: 'Command failed: npx @11ty/eleventy --input=src --output=tmp/sparks-status'
  code: 'ERR_TEST_FAILURE'
  stack: |-
    genericNodeError (node:internal/errors:983:15)
    wrappedFn (node:internal/errors:537:14)
    checkExecSyncError (node:child_process:915:11)
    execSync (node:child_process:987:15)
    runEleventy (/workspace/effusion-labs/tests/helpers/eleventy.js:22:5)
    TestContext.<anonymous> (file:///workspace/effusion-labs/tests/sparks-status.spec.mjs:8:18)
    Test.runInAsyncScope (node:async_hooks:214:14)
    Test.run (node:internal/test_runner/test:1047:25)
    Test.start (node:internal/test_runner/test:944:17)
    startSubtestAfterBootstrap (node:internal/test_runner/harness:296:17)
  ...
1..18
# tests 18
# suites 0
# pass 5
# fail 13
# cancelled 0
# skipped 0
# todo 0
# duration_ms 11370.747887
